<?xml version="1.0" encoding="utf-8"?><testsuites name="pytest tests"><testsuite name="pytest" errors="0" failures="0" skipped="0" tests="30" time="13.896" timestamp="2026-02-28T12:29:28.335902+00:00" hostname="agent-env-5d1e2fe4-602f-4ace-a64e-5096d569a1de"><testcase classname="backend.tests.test_buildrs.TestAuth" name="test_auth_me_valid_token" time="0.220" /><testcase classname="backend.tests.test_buildrs.TestAuth" name="test_auth_me_invalid_token" time="0.198" /><testcase classname="backend.tests.test_buildrs.TestAuth" name="test_auth_session_invalid" time="0.247" /><testcase classname="backend.tests.test_buildrs.TestModules" name="test_get_modules" time="0.150" /><testcase classname="backend.tests.test_buildrs.TestModules" name="test_get_module_by_id" time="0.152" /><testcase classname="backend.tests.test_buildrs.TestModules" name="test_get_module_not_found" time="0.154" /><testcase classname="backend.tests.test_buildrs.TestModules" name="test_update_module_progress" time="0.165" /><testcase classname="backend.tests.test_buildrs.TestNotes" name="test_create_note" time="0.161" /><testcase classname="backend.tests.test_buildrs.TestNotes" name="test_get_notes" time="0.159" /><testcase classname="backend.tests.test_buildrs.TestNotes" name="test_update_note" time="0.155" /><testcase classname="backend.tests.test_buildrs.TestNotes" name="test_delete_note" time="0.142" /><testcase classname="backend.tests.test_buildrs.TestPosts" name="test_get_posts_public" time="0.140" /><testcase classname="backend.tests.test_buildrs.TestPosts" name="test_create_post" time="0.153" /><testcase classname="backend.tests.test_buildrs.TestPosts" name="test_like_post" time="0.153" /><testcase classname="backend.tests.test_buildrs.TestIdeas" name="test_get_ideas" time="0.144" /><testcase classname="backend.tests.test_buildrs.TestIdeas" name="test_create_idea" time="9.021" /><testcase classname="backend.tests.test_buildrs.TestIdeas" name="test_delete_idea" time="0.209" /><testcase classname="backend.tests.test_buildrs.TestProjects" name="test_create_project" time="0.172" /><testcase classname="backend.tests.test_buildrs.TestProjects" name="test_get_projects" time="0.151" /><testcase classname="backend.tests.test_buildrs.TestProjects" name="test_get_tasks" time="0.149" /><testcase classname="backend.tests.test_buildrs.TestStats" name="test_get_stats" time="0.154" /><testcase classname="backend.tests.test_buildrs.TestStats" name="test_get_activity" time="0.150" /><testcase classname="backend.tests.test_buildrs.TestAlfred" name="test_create_alfred_session" time="0.152" /><testcase classname="backend.tests.test_buildrs.TestAlfred" name="test_get_alfred_sessions" time="0.163" /><testcase classname="backend.tests.test_buildrs.TestAlfred" name="test_get_alfred_messages" time="0.154" /><testcase classname="backend.tests.test_buildrs.TestTickets" name="test_create_ticket" time="0.152" /><testcase classname="backend.tests.test_buildrs.TestTickets" name="test_get_tickets" time="0.176" /><testcase classname="backend.tests.test_buildrs.TestFavorites" name="test_add_favorite" time="0.193" /><testcase classname="backend.tests.test_buildrs.TestFavorites" name="test_get_favorites" time="0.157" /><testcase classname="backend.tests.test_buildrs.TestFavorites" name="test_remove_favorite" time="0.153" /></testsuite></testsuites>